2021/01/12 09:52:50 [error] [exception.CHttpException.404] CHttpException: Unable to resolve the request "gii". in /home/conexa-dev-05/Downloads/yii-1.1.12/framework/web/CWebApplication.php:287
Stack trace:
#0 /home/conexa-dev-05/Downloads/yii-1.1.12/framework/web/CWebApplication.php(142): CWebApplication->runController()
#1 /home/conexa-dev-05/Downloads/yii-1.1.12/framework/base/CApplication.php(162): CWebApplication->processRequest()
#2 /home/conexa-dev-05/Documentos/conexa/index.php(13): CApplication->run()
#3 {main}
REQUEST_URI=/index.php?r=gii
---
2021/01/12 09:52:52 [error] [exception.CHttpException.404] CHttpException: Unable to resolve the request "giix". in /home/conexa-dev-05/Downloads/yii-1.1.12/framework/web/CWebApplication.php:287
Stack trace:
#0 /home/conexa-dev-05/Downloads/yii-1.1.12/framework/web/CWebApplication.php(142): CWebApplication->runController()
#1 /home/conexa-dev-05/Downloads/yii-1.1.12/framework/base/CApplication.php(162): CWebApplication->processRequest()
#2 /home/conexa-dev-05/Documentos/conexa/index.php(13): CApplication->run()
#3 {main}
REQUEST_URI=/index.php?r=giix
---
2021/01/12 10:03:01 [error] [exception.CHttpException.404] CHttpException: Unable to resolve the request "giix". in /home/conexa-dev-05/Downloads/yii-1.1.12/framework/web/CWebApplication.php:287
Stack trace:
#0 /home/conexa-dev-05/Downloads/yii-1.1.12/framework/web/CWebApplication.php(142): CWebApplication->runController()
#1 /home/conexa-dev-05/Downloads/yii-1.1.12/framework/base/CApplication.php(162): CWebApplication->processRequest()
#2 /home/conexa-dev-05/Documentos/conexa/index.php(13): CApplication->run()
#3 {main}
REQUEST_URI=/index.php?r=giix
---
2021/01/12 11:01:50 [error] [exception.CException] CException: Alias "ext.giix-core.giixCrud.GiixCrudCode" is invalid. Make sure it points to an existing PHP file and the file is readable. in /home/conexa-dev-05/Downloads/yii-1.1.12/framework/YiiBase.php:318
Stack trace:
#0 /home/conexa-dev-05/Downloads/yii-1.1.12/framework/gii/CCodeGenerator.php(153): YiiBase::import()
#1 /home/conexa-dev-05/Downloads/yii-1.1.12/framework/gii/CCodeGenerator.php(64): CCodeGenerator->prepare()
#2 /home/conexa-dev-05/Downloads/yii-1.1.12/framework/web/actions/CInlineAction.php(50): CCodeGenerator->actionIndex()
#3 /home/conexa-dev-05/Downloads/yii-1.1.12/framework/web/CController.php(309): CInlineAction->runWithParams()
#4 /home/conexa-dev-05/Downloads/yii-1.1.12/framework/web/CController.php(287): CController->runAction()
#5 /home/conexa-dev-05/Downloads/yii-1.1.12/framework/web/CController.php(266): CController->runActionWithFilters()
#6 /home/conexa-dev-05/Downloads/yii-1.1.12/framework/web/CWebApplication.php(283): CController->run()
#7 /home/conexa-dev-05/Downloads/yii-1.1.12/framework/web/CWebApplication.php(142): CWebApplication->runController()
#8 /home/conexa-dev-05/Downloads/yii-1.1.12/framework/base/CApplication.php(162): CWebApplication->processRequest()
#9 /home/conexa-dev-05/Documentos/conexa/index.php(13): CApplication->run()
#10 {main}
REQUEST_URI=/index.php?r=gii/giixCrud
HTTP_REFERER=http://127.0.0.1:8000/index.php?r=gii/form
---
2021/01/12 11:02:19 [error] [exception.CException] CException: Alias "ext.giix-core.giixCrud.GiixCrudCode" is invalid. Make sure it points to an existing PHP file and the file is readable. in /home/conexa-dev-05/Downloads/yii-1.1.12/framework/YiiBase.php:318
Stack trace:
#0 /home/conexa-dev-05/Downloads/yii-1.1.12/framework/gii/CCodeGenerator.php(153): YiiBase::import()
#1 /home/conexa-dev-05/Downloads/yii-1.1.12/framework/gii/CCodeGenerator.php(64): CCodeGenerator->prepare()
#2 /home/conexa-dev-05/Downloads/yii-1.1.12/framework/web/actions/CInlineAction.php(50): CCodeGenerator->actionIndex()
#3 /home/conexa-dev-05/Downloads/yii-1.1.12/framework/web/CController.php(309): CInlineAction->runWithParams()
#4 /home/conexa-dev-05/Downloads/yii-1.1.12/framework/web/CController.php(287): CController->runAction()
#5 /home/conexa-dev-05/Downloads/yii-1.1.12/framework/web/CController.php(266): CController->runActionWithFilters()
#6 /home/conexa-dev-05/Downloads/yii-1.1.12/framework/web/CWebApplication.php(283): CController->run()
#7 /home/conexa-dev-05/Downloads/yii-1.1.12/framework/web/CWebApplication.php(142): CWebApplication->runController()
#8 /home/conexa-dev-05/Downloads/yii-1.1.12/framework/base/CApplication.php(162): CWebApplication->processRequest()
#9 /home/conexa-dev-05/Documentos/conexa/index.php(13): CApplication->run()
#10 {main}
REQUEST_URI=/index.php?r=gii/giixCrud
HTTP_REFERER=http://127.0.0.1:8000/index.php?r=gii/form
---
2021/01/12 11:03:58 [error] [exception.CException] CException: Alias "ext.giix-core.giixCrud.GiixCrudCode" is invalid. Make sure it points to an existing PHP file and the file is readable. in /home/conexa-dev-05/Downloads/yii-1.1.12/framework/YiiBase.php:318
Stack trace:
#0 /home/conexa-dev-05/Downloads/yii-1.1.12/framework/gii/CCodeGenerator.php(153): YiiBase::import()
#1 /home/conexa-dev-05/Downloads/yii-1.1.12/framework/gii/CCodeGenerator.php(64): CCodeGenerator->prepare()
#2 /home/conexa-dev-05/Downloads/yii-1.1.12/framework/web/actions/CInlineAction.php(50): CCodeGenerator->actionIndex()
#3 /home/conexa-dev-05/Downloads/yii-1.1.12/framework/web/CController.php(309): CInlineAction->runWithParams()
#4 /home/conexa-dev-05/Downloads/yii-1.1.12/framework/web/CController.php(287): CController->runAction()
#5 /home/conexa-dev-05/Downloads/yii-1.1.12/framework/web/CController.php(266): CController->runActionWithFilters()
#6 /home/conexa-dev-05/Downloads/yii-1.1.12/framework/web/CWebApplication.php(283): CController->run()
#7 /home/conexa-dev-05/Downloads/yii-1.1.12/framework/web/CWebApplication.php(142): CWebApplication->runController()
#8 /home/conexa-dev-05/Downloads/yii-1.1.12/framework/base/CApplication.php(162): CWebApplication->processRequest()
#9 /home/conexa-dev-05/Documentos/conexa/index.php(13): CApplication->run()
#10 {main}
REQUEST_URI=/index.php?r=gii/giixCrud
HTTP_REFERER=http://127.0.0.1:8000/index.php?r=gii/crud
---
2021/01/12 11:06:04 [error] [exception.CException] CException: Alias "ext.giix-core.giixCrud.GiixCrudCode" is invalid. Make sure it points to an existing PHP file and the file is readable. in /home/conexa-dev-05/Downloads/yii-1.1.12/framework/YiiBase.php:318
Stack trace:
#0 /home/conexa-dev-05/Downloads/yii-1.1.12/framework/gii/CCodeGenerator.php(153): YiiBase::import()
#1 /home/conexa-dev-05/Downloads/yii-1.1.12/framework/gii/CCodeGenerator.php(64): CCodeGenerator->prepare()
#2 /home/conexa-dev-05/Downloads/yii-1.1.12/framework/web/actions/CInlineAction.php(50): CCodeGenerator->actionIndex()
#3 /home/conexa-dev-05/Downloads/yii-1.1.12/framework/web/CController.php(309): CInlineAction->runWithParams()
#4 /home/conexa-dev-05/Downloads/yii-1.1.12/framework/web/CController.php(287): CController->runAction()
#5 /home/conexa-dev-05/Downloads/yii-1.1.12/framework/web/CController.php(266): CController->runActionWithFilters()
#6 /home/conexa-dev-05/Downloads/yii-1.1.12/framework/web/CWebApplication.php(283): CController->run()
#7 /home/conexa-dev-05/Downloads/yii-1.1.12/framework/web/CWebApplication.php(142): CWebApplication->runController()
#8 /home/conexa-dev-05/Downloads/yii-1.1.12/framework/base/CApplication.php(162): CWebApplication->processRequest()
#9 /home/conexa-dev-05/Documentos/conexa/index.php(13): CApplication->run()
#10 {main}
REQUEST_URI=/index.php?r=gii/giixCrud
HTTP_REFERER=http://127.0.0.1:8000/index.php?r=gii/crud
---
2021/01/12 11:08:40 [error] [exception.CException] CException: Alias "ext.giix-core.giixCrud.GiixCrudCode" is invalid. Make sure it points to an existing PHP file and the file is readable. in /home/conexa-dev-05/Downloads/yii-1.1.12/framework/YiiBase.php:318
Stack trace:
#0 /home/conexa-dev-05/Downloads/yii-1.1.12/framework/gii/CCodeGenerator.php(153): YiiBase::import()
#1 /home/conexa-dev-05/Downloads/yii-1.1.12/framework/gii/CCodeGenerator.php(64): CCodeGenerator->prepare()
#2 /home/conexa-dev-05/Downloads/yii-1.1.12/framework/web/actions/CInlineAction.php(50): CCodeGenerator->actionIndex()
#3 /home/conexa-dev-05/Downloads/yii-1.1.12/framework/web/CController.php(309): CInlineAction->runWithParams()
#4 /home/conexa-dev-05/Downloads/yii-1.1.12/framework/web/CController.php(287): CController->runAction()
#5 /home/conexa-dev-05/Downloads/yii-1.1.12/framework/web/CController.php(266): CController->runActionWithFilters()
#6 /home/conexa-dev-05/Downloads/yii-1.1.12/framework/web/CWebApplication.php(283): CController->run()
#7 /home/conexa-dev-05/Downloads/yii-1.1.12/framework/web/CWebApplication.php(142): CWebApplication->runController()
#8 /home/conexa-dev-05/Downloads/yii-1.1.12/framework/base/CApplication.php(162): CWebApplication->processRequest()
#9 /home/conexa-dev-05/Documentos/conexa/index.php(13): CApplication->run()
#10 {main}
REQUEST_URI=/index.php?r=gii/giixCrud
HTTP_REFERER=http://127.0.0.1:8000/index.php?r=gii/crud
---
2021/01/12 11:08:58 [error] [exception.CException] CException: Alias "ext.giix-core.giixCrud.GiixCrudCode" is invalid. Make sure it points to an existing PHP file and the file is readable. in /home/conexa-dev-05/Downloads/yii-1.1.12/framework/YiiBase.php:318
Stack trace:
#0 /home/conexa-dev-05/Downloads/yii-1.1.12/framework/gii/CCodeGenerator.php(153): YiiBase::import()
#1 /home/conexa-dev-05/Downloads/yii-1.1.12/framework/gii/CCodeGenerator.php(64): CCodeGenerator->prepare()
#2 /home/conexa-dev-05/Downloads/yii-1.1.12/framework/web/actions/CInlineAction.php(50): CCodeGenerator->actionIndex()
#3 /home/conexa-dev-05/Downloads/yii-1.1.12/framework/web/CController.php(309): CInlineAction->runWithParams()
#4 /home/conexa-dev-05/Downloads/yii-1.1.12/framework/web/CController.php(287): CController->runAction()
#5 /home/conexa-dev-05/Downloads/yii-1.1.12/framework/web/CController.php(266): CController->runActionWithFilters()
#6 /home/conexa-dev-05/Downloads/yii-1.1.12/framework/web/CWebApplication.php(283): CController->run()
#7 /home/conexa-dev-05/Downloads/yii-1.1.12/framework/web/CWebApplication.php(142): CWebApplication->runController()
#8 /home/conexa-dev-05/Downloads/yii-1.1.12/framework/base/CApplication.php(162): CWebApplication->processRequest()
#9 /home/conexa-dev-05/Documentos/conexa/index.php(13): CApplication->run()
#10 {main}
REQUEST_URI=/index.php?r=gii/giixCrud
HTTP_REFERER=http://127.0.0.1:8000/index.php?r=gii/crud
---
2021/01/12 11:59:33 [error] [php] sizeof(): Parameter must be an array or an object that implements Countable (/home/conexa-dev-05/Documentos/conexa/protected/views/site/index.php:16)
Stack trace:
#0 /home/conexa-dev-05/Downloads/yii-1.1.12/framework/web/CController.php(870): SiteController->renderFile()
#1 /home/conexa-dev-05/Downloads/yii-1.1.12/framework/web/CController.php(783): SiteController->renderPartial()
#2 /home/conexa-dev-05/Documentos/conexa/protected/controllers/SiteController.php(34): SiteController->render()
#3 /home/conexa-dev-05/Downloads/yii-1.1.12/framework/web/actions/CInlineAction.php(50): SiteController->actionIndex()
#4 /home/conexa-dev-05/Downloads/yii-1.1.12/framework/web/CController.php(309): CInlineAction->runWithParams()
#5 /home/conexa-dev-05/Downloads/yii-1.1.12/framework/web/CController.php(287): SiteController->runAction()
#6 /home/conexa-dev-05/Downloads/yii-1.1.12/framework/web/CController.php(266): SiteController->runActionWithFilters()
#7 /home/conexa-dev-05/Downloads/yii-1.1.12/framework/web/CWebApplication.php(283): SiteController->run()
#8 /home/conexa-dev-05/Downloads/yii-1.1.12/framework/web/CWebApplication.php(142): CWebApplication->runController()
#9 /home/conexa-dev-05/Downloads/yii-1.1.12/framework/base/CApplication.php(162): CWebApplication->processRequest()
#10 /home/conexa-dev-05/Documentos/conexa/index.php(13): CWebApplication->run()
REQUEST_URI=/index.php?r=site/index
in /home/conexa-dev-05/Documentos/conexa/protected/views/site/index.php (16)
in /home/conexa-dev-05/Documentos/conexa/protected/controllers/SiteController.php (34)
in /home/conexa-dev-05/Documentos/conexa/index.php (13)
2021/01/12 12:00:00 [error] [php] sizeof(): Parameter must be an array or an object that implements Countable (/home/conexa-dev-05/Documentos/conexa/protected/views/site/index.php:16)
Stack trace:
#0 /home/conexa-dev-05/Downloads/yii-1.1.12/framework/web/CController.php(870): SiteController->renderFile()
#1 /home/conexa-dev-05/Downloads/yii-1.1.12/framework/web/CController.php(783): SiteController->renderPartial()
#2 /home/conexa-dev-05/Documentos/conexa/protected/controllers/SiteController.php(35): SiteController->render()
#3 /home/conexa-dev-05/Downloads/yii-1.1.12/framework/web/actions/CInlineAction.php(50): SiteController->actionIndex()
#4 /home/conexa-dev-05/Downloads/yii-1.1.12/framework/web/CController.php(309): CInlineAction->runWithParams()
#5 /home/conexa-dev-05/Downloads/yii-1.1.12/framework/web/CController.php(287): SiteController->runAction()
#6 /home/conexa-dev-05/Downloads/yii-1.1.12/framework/web/CController.php(266): SiteController->runActionWithFilters()
#7 /home/conexa-dev-05/Downloads/yii-1.1.12/framework/web/CWebApplication.php(283): SiteController->run()
#8 /home/conexa-dev-05/Downloads/yii-1.1.12/framework/web/CWebApplication.php(142): CWebApplication->runController()
#9 /home/conexa-dev-05/Downloads/yii-1.1.12/framework/base/CApplication.php(162): CWebApplication->processRequest()
#10 /home/conexa-dev-05/Documentos/conexa/index.php(13): CWebApplication->run()
REQUEST_URI=/index.php?r=site/index
in /home/conexa-dev-05/Documentos/conexa/protected/views/site/index.php (16)
in /home/conexa-dev-05/Documentos/conexa/protected/controllers/SiteController.php (35)
in /home/conexa-dev-05/Documentos/conexa/index.php (13)
2021/01/12 12:00:11 [error] [php] sizeof(): Parameter must be an array or an object that implements Countable (/home/conexa-dev-05/Documentos/conexa/protected/views/site/index.php:16)
Stack trace:
#0 /home/conexa-dev-05/Downloads/yii-1.1.12/framework/web/CController.php(870): SiteController->renderFile()
#1 /home/conexa-dev-05/Downloads/yii-1.1.12/framework/web/CController.php(783): SiteController->renderPartial()
#2 /home/conexa-dev-05/Documentos/conexa/protected/controllers/SiteController.php(35): SiteController->render()
#3 /home/conexa-dev-05/Downloads/yii-1.1.12/framework/web/actions/CInlineAction.php(50): SiteController->actionIndex()
#4 /home/conexa-dev-05/Downloads/yii-1.1.12/framework/web/CController.php(309): CInlineAction->runWithParams()
#5 /home/conexa-dev-05/Downloads/yii-1.1.12/framework/web/CController.php(287): SiteController->runAction()
#6 /home/conexa-dev-05/Downloads/yii-1.1.12/framework/web/CController.php(266): SiteController->runActionWithFilters()
#7 /home/conexa-dev-05/Downloads/yii-1.1.12/framework/web/CWebApplication.php(283): SiteController->run()
#8 /home/conexa-dev-05/Downloads/yii-1.1.12/framework/web/CWebApplication.php(142): CWebApplication->runController()
#9 /home/conexa-dev-05/Downloads/yii-1.1.12/framework/base/CApplication.php(162): CWebApplication->processRequest()
#10 /home/conexa-dev-05/Documentos/conexa/index.php(13): CWebApplication->run()
REQUEST_URI=/index.php
in /home/conexa-dev-05/Documentos/conexa/protected/views/site/index.php (16)
in /home/conexa-dev-05/Documentos/conexa/protected/controllers/SiteController.php (35)
in /home/conexa-dev-05/Documentos/conexa/index.php (13)
2021/01/12 12:00:13 [error] [php] sizeof(): Parameter must be an array or an object that implements Countable (/home/conexa-dev-05/Documentos/conexa/protected/views/site/index.php:16)
Stack trace:
#0 /home/conexa-dev-05/Downloads/yii-1.1.12/framework/web/CController.php(870): SiteController->renderFile()
#1 /home/conexa-dev-05/Downloads/yii-1.1.12/framework/web/CController.php(783): SiteController->renderPartial()
#2 /home/conexa-dev-05/Documentos/conexa/protected/controllers/SiteController.php(35): SiteController->render()
#3 /home/conexa-dev-05/Downloads/yii-1.1.12/framework/web/actions/CInlineAction.php(50): SiteController->actionIndex()
#4 /home/conexa-dev-05/Downloads/yii-1.1.12/framework/web/CController.php(309): CInlineAction->runWithParams()
#5 /home/conexa-dev-05/Downloads/yii-1.1.12/framework/web/CController.php(287): SiteController->runAction()
#6 /home/conexa-dev-05/Downloads/yii-1.1.12/framework/web/CController.php(266): SiteController->runActionWithFilters()
#7 /home/conexa-dev-05/Downloads/yii-1.1.12/framework/web/CWebApplication.php(283): SiteController->run()
#8 /home/conexa-dev-05/Downloads/yii-1.1.12/framework/web/CWebApplication.php(142): CWebApplication->runController()
#9 /home/conexa-dev-05/Downloads/yii-1.1.12/framework/base/CApplication.php(162): CWebApplication->processRequest()
#10 /home/conexa-dev-05/Documentos/conexa/index.php(13): CWebApplication->run()
REQUEST_URI=/index.php
in /home/conexa-dev-05/Documentos/conexa/protected/views/site/index.php (16)
in /home/conexa-dev-05/Documentos/conexa/protected/controllers/SiteController.php (35)
in /home/conexa-dev-05/Documentos/conexa/index.php (13)
2021/01/12 12:22:14 [error] [exception.ParseError] ParseError: syntax error, unexpected '=>' (T_DOUBLE_ARROW), expecting ')' in /home/conexa-dev-05/Documentos/conexa/protected/views/post/_form.php:38
Stack trace:
#0 /home/conexa-dev-05/Downloads/yii-1.1.12/framework/web/CBaseController.php(96): CBaseController->renderInternal()
#1 /home/conexa-dev-05/Downloads/yii-1.1.12/framework/web/CController.php(870): CBaseController->renderFile()
#2 /home/conexa-dev-05/Documentos/conexa/protected/views/post/create.php(18): CController->renderPartial()
#3 /home/conexa-dev-05/Downloads/yii-1.1.12/framework/web/CBaseController.php(127): require('/home/conexa-de...')
#4 /home/conexa-dev-05/Downloads/yii-1.1.12/framework/web/CBaseController.php(96): CBaseController->renderInternal()
#5 /home/conexa-dev-05/Downloads/yii-1.1.12/framework/web/CController.php(870): CBaseController->renderFile()
#6 /home/conexa-dev-05/Downloads/yii-1.1.12/framework/web/CController.php(783): CController->renderPartial()
#7 /home/conexa-dev-05/Documentos/conexa/protected/controllers/PostController.php(80): CController->render()
#8 /home/conexa-dev-05/Downloads/yii-1.1.12/framework/web/actions/CInlineAction.php(50): PostController->actionCreate()
#9 /home/conexa-dev-05/Downloads/yii-1.1.12/framework/web/CController.php(309): CInlineAction->runWithParams()
#10 /home/conexa-dev-05/Downloads/yii-1.1.12/framework/web/filters/CFilterChain.php(134): CController->runAction()
#11 /home/conexa-dev-05/Downloads/yii-1.1.12/framework/web/filters/CFilter.php(41): CFilterChain->run()
#12 /home/conexa-dev-05/Downloads/yii-1.1.12/framework/web/CController.php(1146): CFilter->filter()
#13 /home/conexa-dev-05/Downloads/yii-1.1.12/framework/web/filters/CInlineFilter.php(59): CController->filterAccessControl()
#14 /home/conexa-dev-05/Downloads/yii-1.1.12/framework/web/filters/CFilterChain.php(131): CInlineFilter->filter()
#15 /home/conexa-dev-05/Downloads/yii-1.1.12/framework/web/CController.php(292): CFilterChain->run()
#16 /home/conexa-dev-05/Downloads/yii-1.1.12/framework/web/CController.php(266): CController->runActionWithFilters()
#17 /home/conexa-dev-05/Downloads/yii-1.1.12/framework/web/CWebApplication.php(283): CController->run()
#18 /home/conexa-dev-05/Downloads/yii-1.1.12/framework/web/CWebApplication.php(142): CWebApplication->runController()
#19 /home/conexa-dev-05/Downloads/yii-1.1.12/framework/base/CApplication.php(162): CWebApplication->processRequest()
#20 /home/conexa-dev-05/Documentos/conexa/index.php(13): CApplication->run()
#21 {main}
REQUEST_URI=/index.php?r=post/create
---
2021/01/12 12:22:54 [error] [php] Array to string conversion (/home/conexa-dev-05/Downloads/yii-1.1.12/framework/web/helpers/CHtml.php:1722)
Stack trace:
#0 /home/conexa-dev-05/Downloads/yii-1.1.12/framework/web/CBaseController.php(127): require()
#1 /home/conexa-dev-05/Downloads/yii-1.1.12/framework/web/CBaseController.php(96): PostController->renderInternal()
#2 /home/conexa-dev-05/Downloads/yii-1.1.12/framework/web/CController.php(870): PostController->renderFile()
#3 /home/conexa-dev-05/Documentos/conexa/protected/views/post/create.php(18): PostController->renderPartial()
#4 /home/conexa-dev-05/Downloads/yii-1.1.12/framework/web/CBaseController.php(127): require()
#5 /home/conexa-dev-05/Downloads/yii-1.1.12/framework/web/CBaseController.php(96): PostController->renderInternal()
#6 /home/conexa-dev-05/Downloads/yii-1.1.12/framework/web/CController.php(870): PostController->renderFile()
#7 /home/conexa-dev-05/Downloads/yii-1.1.12/framework/web/CController.php(783): PostController->renderPartial()
#8 /home/conexa-dev-05/Documentos/conexa/protected/controllers/PostController.php(80): PostController->render()
#9 /home/conexa-dev-05/Downloads/yii-1.1.12/framework/web/actions/CInlineAction.php(50): PostController->actionCreate()
#10 /home/conexa-dev-05/Downloads/yii-1.1.12/framework/web/CController.php(309): CInlineAction->runWithParams()
#11 /home/conexa-dev-05/Downloads/yii-1.1.12/framework/web/filters/CFilterChain.php(134): PostController->runAction()
#12 /home/conexa-dev-05/Downloads/yii-1.1.12/framework/web/filters/CFilter.php(41): CFilterChain->run()
#13 /home/conexa-dev-05/Downloads/yii-1.1.12/framework/web/CController.php(1146): CAccessControlFilter->filter()
#14 /home/conexa-dev-05/Downloads/yii-1.1.12/framework/web/filters/CInlineFilter.php(59): PostController->filterAccessControl()
#15 /home/conexa-dev-05/Downloads/yii-1.1.12/framework/web/filters/CFilterChain.php(131): CInlineFilter->filter()
#16 /home/conexa-dev-05/Downloads/yii-1.1.12/framework/web/CController.php(292): CFilterChain->run()
#17 /home/conexa-dev-05/Downloads/yii-1.1.12/framework/web/CController.php(266): PostController->runActionWithFilters()
#18 /home/conexa-dev-05/Downloads/yii-1.1.12/framework/web/CWebApplication.php(283): PostController->run()
#19 /home/conexa-dev-05/Downloads/yii-1.1.12/framework/web/CWebApplication.php(142): CWebApplication->runController()
#20 /home/conexa-dev-05/Downloads/yii-1.1.12/framework/base/CApplication.php(162): CWebApplication->processRequest()
#21 /home/conexa-dev-05/Documentos/conexa/index.php(13): CWebApplication->run()
REQUEST_URI=/index.php?r=post/create
in /home/conexa-dev-05/Documentos/conexa/protected/views/post/_form.php (16)
in /home/conexa-dev-05/Documentos/conexa/protected/views/post/create.php (18)
in /home/conexa-dev-05/Documentos/conexa/protected/controllers/PostController.php (80)
2021/01/12 12:26:13 [error] [exception.CHttpException.404] CHttpException: The system is unable to find the requested action "view?id=25". in /home/conexa-dev-05/Downloads/yii-1.1.12/framework/web/CController.php:484
Stack trace:
#0 /home/conexa-dev-05/Downloads/yii-1.1.12/framework/web/CController.php(271): CController->missingAction()
#1 /home/conexa-dev-05/Downloads/yii-1.1.12/framework/web/CWebApplication.php(283): CController->run()
#2 /home/conexa-dev-05/Downloads/yii-1.1.12/framework/web/CWebApplication.php(142): CWebApplication->runController()
#3 /home/conexa-dev-05/Downloads/yii-1.1.12/framework/base/CApplication.php(162): CWebApplication->processRequest()
#4 /home/conexa-dev-05/Documentos/conexa/index.php(13): CApplication->run()
#5 {main}
REQUEST_URI=/index.php?r=post/view?id=25
---
2021/01/12 12:26:32 [error] [exception.CHttpException.404] CHttpException: The requested page does not exist. in /home/conexa-dev-05/Documentos/conexa/protected/controllers/PostController.php:156
Stack trace:
#0 /home/conexa-dev-05/Documentos/conexa/protected/controllers/PostController.php(58): PostController->loadModel()
#1 [internal function]: PostController->actionView()
#2 /home/conexa-dev-05/Downloads/yii-1.1.12/framework/web/actions/CAction.php(107): ReflectionMethod->invokeArgs()
#3 /home/conexa-dev-05/Downloads/yii-1.1.12/framework/web/actions/CInlineAction.php(48): CAction->runWithParamsInternal()
#4 /home/conexa-dev-05/Downloads/yii-1.1.12/framework/web/CController.php(309): CInlineAction->runWithParams()
#5 /home/conexa-dev-05/Downloads/yii-1.1.12/framework/web/filters/CFilterChain.php(134): CController->runAction()
#6 /home/conexa-dev-05/Downloads/yii-1.1.12/framework/web/filters/CFilter.php(41): CFilterChain->run()
#7 /home/conexa-dev-05/Downloads/yii-1.1.12/framework/web/CController.php(1146): CFilter->filter()
#8 /home/conexa-dev-05/Downloads/yii-1.1.12/framework/web/filters/CInlineFilter.php(59): CController->filterAccessControl()
#9 /home/conexa-dev-05/Downloads/yii-1.1.12/framework/web/filters/CFilterChain.php(131): CInlineFilter->filter()
#10 /home/conexa-dev-05/Downloads/yii-1.1.12/framework/web/CController.php(292): CFilterChain->run()
#11 /home/conexa-dev-05/Downloads/yii-1.1.12/framework/web/CController.php(266): CController->runActionWithFilters()
#12 /home/conexa-dev-05/Downloads/yii-1.1.12/framework/web/CWebApplication.php(283): CController->run()
#13 /home/conexa-dev-05/Downloads/yii-1.1.12/framework/web/CWebApplication.php(142): CWebApplication->runController()
#14 /home/conexa-dev-05/Downloads/yii-1.1.12/framework/base/CApplication.php(162): CWebApplication->processRequest()
#15 /home/conexa-dev-05/Documentos/conexa/index.php(13): CApplication->run()
#16 {main}
REQUEST_URI=/index.php?r=post/view&id=25
---
2021/01/13 14:10:02 [error] [exception.CDbException] CDbException: CDbConnection failed to open the DB connection: SQLSTATE[HY000] [2002] No such file or directory in /home/conexa-dev-05/Downloads/yii-1.1.12/framework/db/CDbConnection.php:382
Stack trace:
#0 /home/conexa-dev-05/Downloads/yii-1.1.12/framework/db/CDbConnection.php(331): CDbConnection->open()
#1 /home/conexa-dev-05/Downloads/yii-1.1.12/framework/db/CDbConnection.php(309): CDbConnection->setActive(true)
#2 /home/conexa-dev-05/Downloads/yii-1.1.12/framework/base/CModule.php(388): CDbConnection->init()
#3 /home/conexa-dev-05/Downloads/yii-1.1.12/framework/base/CApplication.php(431): CModule->getComponent('db')
#4 /home/conexa-dev-05/Downloads/yii-1.1.12/framework/db/ar/CActiveRecord.php(624): CApplication->getDb()
#5 /home/conexa-dev-05/Downloads/yii-1.1.12/framework/db/ar/CActiveRecord.php(2311): CActiveRecord->getDbConnection()
#6 /home/conexa-dev-05/Downloads/yii-1.1.12/framework/db/ar/CActiveRecord.php(388): CActiveRecordMetaData->__construct(Object(Post))
#7 /home/conexa-dev-05/Documentos/conexa/protected/models/Post.php(26): CActiveRecord::model('Post')
#8 /home/conexa-dev-05/Documentos/conexa/protected/controllers/SiteController.php(32): Post::model()
#9 /home/conexa-dev-05/Downloads/yii-1.1.12/framework/web/actions/CInlineAction.php(50): SiteController->actionIndex()
#10 /home/conexa-dev-05/Downloads/yii-1.1.12/framework/web/CController.php(309): CInlineAction->runWithParams(Array)
#11 /home/conexa-dev-05/Downloads/yii-1.1.12/framework/web/CController.php(287): CController->runAction(Object(CInlineAction))
#12 /home/conexa-dev-05/Downloads/yii-1.1.12/framework/web/CController.php(266): CController->runActionWithFilters(Object(CInlineAction), Array)
#13 /home/conexa-dev-05/Downloads/yii-1.1.12/framework/web/CWebApplication.php(283): CController->run('')
#14 /home/conexa-dev-05/Downloads/yii-1.1.12/framework/web/CWebApplication.php(142): CWebApplication->runController('')
#15 /home/conexa-dev-05/Downloads/yii-1.1.12/framework/base/CApplication.php(162): CWebApplication->processRequest()
#16 /home/conexa-dev-05/Documentos/conexa/index.php(13): CApplication->run()
#17 {main}
REQUEST_URI=/
---
2021/01/13 14:12:41 [error] [exception.CDbException] CDbException: CDbConnection failed to open the DB connection: SQLSTATE[HY000] [2002] No such file or directory in /home/conexa-dev-05/Downloads/yii-1.1.12/framework/db/CDbConnection.php:382
Stack trace:
#0 /home/conexa-dev-05/Downloads/yii-1.1.12/framework/db/CDbConnection.php(331): CDbConnection->open()
#1 /home/conexa-dev-05/Downloads/yii-1.1.12/framework/db/CDbConnection.php(309): CDbConnection->setActive(true)
#2 /home/conexa-dev-05/Downloads/yii-1.1.12/framework/base/CModule.php(388): CDbConnection->init()
#3 /home/conexa-dev-05/Downloads/yii-1.1.12/framework/base/CApplication.php(431): CModule->getComponent('db')
#4 /home/conexa-dev-05/Downloads/yii-1.1.12/framework/db/ar/CActiveRecord.php(624): CApplication->getDb()
#5 /home/conexa-dev-05/Downloads/yii-1.1.12/framework/db/ar/CActiveRecord.php(2311): CActiveRecord->getDbConnection()
#6 /home/conexa-dev-05/Downloads/yii-1.1.12/framework/db/ar/CActiveRecord.php(388): CActiveRecordMetaData->__construct(Object(Post))
#7 /home/conexa-dev-05/Documentos/conexa/protected/models/Post.php(26): CActiveRecord::model('Post')
#8 /home/conexa-dev-05/Documentos/conexa/protected/controllers/SiteController.php(32): Post::model()
#9 /home/conexa-dev-05/Downloads/yii-1.1.12/framework/web/actions/CInlineAction.php(50): SiteController->actionIndex()
#10 /home/conexa-dev-05/Downloads/yii-1.1.12/framework/web/CController.php(309): CInlineAction->runWithParams(Array)
#11 /home/conexa-dev-05/Downloads/yii-1.1.12/framework/web/CController.php(287): CController->runAction(Object(CInlineAction))
#12 /home/conexa-dev-05/Downloads/yii-1.1.12/framework/web/CController.php(266): CController->runActionWithFilters(Object(CInlineAction), Array)
#13 /home/conexa-dev-05/Downloads/yii-1.1.12/framework/web/CWebApplication.php(283): CController->run('')
#14 /home/conexa-dev-05/Downloads/yii-1.1.12/framework/web/CWebApplication.php(142): CWebApplication->runController('')
#15 /home/conexa-dev-05/Downloads/yii-1.1.12/framework/base/CApplication.php(162): CWebApplication->processRequest()
#16 /home/conexa-dev-05/Documentos/conexa/index.php(13): CApplication->run()
#17 {main}
REQUEST_URI=/
---
2021/01/13 15:30:39 [error] [php] Illegal string offset 'id' (/home/conexa-dev-05/Documentos/conexa/protected/views/site/index.php:31)
Stack trace:
#0 /home/conexa-dev-05/Downloads/yii-1.1.12/framework/web/CController.php(870): SiteController->renderFile()
#1 /home/conexa-dev-05/Downloads/yii-1.1.12/framework/web/CController.php(783): SiteController->renderPartial()
#2 /home/conexa-dev-05/Documentos/conexa/protected/controllers/SiteController.php(34): SiteController->render()
#3 /home/conexa-dev-05/Downloads/yii-1.1.12/framework/web/actions/CInlineAction.php(50): SiteController->actionIndex()
#4 /home/conexa-dev-05/Downloads/yii-1.1.12/framework/web/CController.php(309): CInlineAction->runWithParams()
#5 /home/conexa-dev-05/Downloads/yii-1.1.12/framework/web/CController.php(287): SiteController->runAction()
#6 /home/conexa-dev-05/Downloads/yii-1.1.12/framework/web/CController.php(266): SiteController->runActionWithFilters()
#7 /home/conexa-dev-05/Downloads/yii-1.1.12/framework/web/CWebApplication.php(283): SiteController->run()
#8 /home/conexa-dev-05/Downloads/yii-1.1.12/framework/web/CWebApplication.php(142): CWebApplication->runController()
#9 /home/conexa-dev-05/Downloads/yii-1.1.12/framework/base/CApplication.php(162): CWebApplication->processRequest()
#10 /home/conexa-dev-05/Documentos/conexa/index.php(13): CWebApplication->run()
REQUEST_URI=/
in /home/conexa-dev-05/Documentos/conexa/protected/views/site/index.php (31)
in /home/conexa-dev-05/Documentos/conexa/protected/controllers/SiteController.php (34)
in /home/conexa-dev-05/Documentos/conexa/index.php (13)
2021/01/13 15:31:20 [error] [php] Trying to get property of non-object (/home/conexa-dev-05/Documentos/conexa/protected/views/site/index.php:31)
Stack trace:
#0 /home/conexa-dev-05/Downloads/yii-1.1.12/framework/web/CController.php(870): SiteController->renderFile()
#1 /home/conexa-dev-05/Downloads/yii-1.1.12/framework/web/CController.php(783): SiteController->renderPartial()
#2 /home/conexa-dev-05/Documentos/conexa/protected/controllers/SiteController.php(34): SiteController->render()
#3 /home/conexa-dev-05/Downloads/yii-1.1.12/framework/web/actions/CInlineAction.php(50): SiteController->actionIndex()
#4 /home/conexa-dev-05/Downloads/yii-1.1.12/framework/web/CController.php(309): CInlineAction->runWithParams()
#5 /home/conexa-dev-05/Downloads/yii-1.1.12/framework/web/CController.php(287): SiteController->runAction()
#6 /home/conexa-dev-05/Downloads/yii-1.1.12/framework/web/CController.php(266): SiteController->runActionWithFilters()
#7 /home/conexa-dev-05/Downloads/yii-1.1.12/framework/web/CWebApplication.php(283): SiteController->run()
#8 /home/conexa-dev-05/Downloads/yii-1.1.12/framework/web/CWebApplication.php(142): CWebApplication->runController()
#9 /home/conexa-dev-05/Downloads/yii-1.1.12/framework/base/CApplication.php(162): CWebApplication->processRequest()
#10 /home/conexa-dev-05/Documentos/conexa/index.php(13): CWebApplication->run()
REQUEST_URI=/
in /home/conexa-dev-05/Documentos/conexa/protected/views/site/index.php (31)
in /home/conexa-dev-05/Documentos/conexa/protected/controllers/SiteController.php (34)
in /home/conexa-dev-05/Documentos/conexa/index.php (13)
2021/01/13 15:35:23 [error] [exception.CException] CException: Property "Post.created_at" is not defined. in /home/conexa-dev-05/Downloads/yii-1.1.12/framework/base/CComponent.php:131
Stack trace:
#0 /home/conexa-dev-05/Downloads/yii-1.1.12/framework/db/ar/CActiveRecord.php(144): CComponent->__get('created_at')
#1 /home/conexa-dev-05/Documentos/conexa/protected/views/site/index.php(47): CActiveRecord->__get('created_at')
#2 /home/conexa-dev-05/Downloads/yii-1.1.12/framework/web/CBaseController.php(127): require('/home/conexa-de...')
#3 /home/conexa-dev-05/Downloads/yii-1.1.12/framework/web/CBaseController.php(96): CBaseController->renderInternal('/home/conexa-de...', Array, true)
#4 /home/conexa-dev-05/Downloads/yii-1.1.12/framework/web/CController.php(870): CBaseController->renderFile('/home/conexa-de...', Array, true)
#5 /home/conexa-dev-05/Downloads/yii-1.1.12/framework/web/CController.php(783): CController->renderPartial('index', Array, true)
#6 /home/conexa-dev-05/Documentos/conexa/protected/controllers/SiteController.php(34): CController->render('index', Array)
#7 /home/conexa-dev-05/Downloads/yii-1.1.12/framework/web/actions/CInlineAction.php(50): SiteController->actionIndex()
#8 /home/conexa-dev-05/Downloads/yii-1.1.12/framework/web/CController.php(309): CInlineAction->runWithParams(Array)
#9 /home/conexa-dev-05/Downloads/yii-1.1.12/framework/web/CController.php(287): CController->runAction(Object(CInlineAction))
#10 /home/conexa-dev-05/Downloads/yii-1.1.12/framework/web/CController.php(266): CController->runActionWithFilters(Object(CInlineAction), Array)
#11 /home/conexa-dev-05/Downloads/yii-1.1.12/framework/web/CWebApplication.php(283): CController->run('')
#12 /home/conexa-dev-05/Downloads/yii-1.1.12/framework/web/CWebApplication.php(142): CWebApplication->runController('')
#13 /home/conexa-dev-05/Downloads/yii-1.1.12/framework/base/CApplication.php(162): CWebApplication->processRequest()
#14 /home/conexa-dev-05/Documentos/conexa/index.php(13): CApplication->run()
#15 {main}
REQUEST_URI=/
HTTP_REFERER=http://127.0.0.1:8080/?r=post/index
---
2021/01/13 15:36:34 [error] [exception.Error] Error: Call to undefined function str_to_time() in /home/conexa-dev-05/Documentos/conexa/protected/views/site/index.php:47
Stack trace:
#0 /home/conexa-dev-05/Downloads/yii-1.1.12/framework/web/CBaseController.php(127): require()
#1 /home/conexa-dev-05/Downloads/yii-1.1.12/framework/web/CBaseController.php(96): CBaseController->renderInternal('/home/conexa-de...', Array, true)
#2 /home/conexa-dev-05/Downloads/yii-1.1.12/framework/web/CController.php(870): CBaseController->renderFile('/home/conexa-de...', Array, true)
#3 /home/conexa-dev-05/Downloads/yii-1.1.12/framework/web/CController.php(783): CController->renderPartial('index', Array, true)
#4 /home/conexa-dev-05/Documentos/conexa/protected/controllers/SiteController.php(34): CController->render('index', Array)
#5 /home/conexa-dev-05/Downloads/yii-1.1.12/framework/web/actions/CInlineAction.php(50): SiteController->actionIndex()
#6 /home/conexa-dev-05/Downloads/yii-1.1.12/framework/web/CController.php(309): CInlineAction->runWithParams(Array)
#7 /home/conexa-dev-05/Downloads/yii-1.1.12/framework/web/CController.php(287): CController->runAction(Object(CInlineAction))
#8 /home/conexa-dev-05/Downloads/yii-1.1.12/framework/web/CController.php(266): CController->runActionWithFilters(Object(CInlineAction), Array)
#9 /home/conexa-dev-05/Downloads/yii-1.1.12/framework/web/CWebApplication.php(283): CController->run('')
#10 /home/conexa-dev-05/Downloads/yii-1.1.12/framework/web/CWebApplication.php(142): CWebApplication->runController('')
#11 /home/conexa-dev-05/Downloads/yii-1.1.12/framework/base/CApplication.php(162): CWebApplication->processRequest()
#12 /home/conexa-dev-05/Documentos/conexa/index.php(13): CApplication->run()
#13 {main}
REQUEST_URI=/
HTTP_REFERER=http://127.0.0.1:8080/?r=post/index
---
2021/01/13 15:36:47 [error] [php] date_format() expects parameter 1 to be DateTimeInterface, integer given (/home/conexa-dev-05/Documentos/conexa/protected/views/site/index.php:47)
Stack trace:
#0 /home/conexa-dev-05/Downloads/yii-1.1.12/framework/web/CBaseController.php(96): SiteController->renderInternal()
#1 /home/conexa-dev-05/Downloads/yii-1.1.12/framework/web/CController.php(870): SiteController->renderFile()
#2 /home/conexa-dev-05/Downloads/yii-1.1.12/framework/web/CController.php(783): SiteController->renderPartial()
#3 /home/conexa-dev-05/Documentos/conexa/protected/controllers/SiteController.php(34): SiteController->render()
#4 /home/conexa-dev-05/Downloads/yii-1.1.12/framework/web/actions/CInlineAction.php(50): SiteController->actionIndex()
#5 /home/conexa-dev-05/Downloads/yii-1.1.12/framework/web/CController.php(309): CInlineAction->runWithParams()
#6 /home/conexa-dev-05/Downloads/yii-1.1.12/framework/web/CController.php(287): SiteController->runAction()
#7 /home/conexa-dev-05/Downloads/yii-1.1.12/framework/web/CController.php(266): SiteController->runActionWithFilters()
#8 /home/conexa-dev-05/Downloads/yii-1.1.12/framework/web/CWebApplication.php(283): SiteController->run()
#9 /home/conexa-dev-05/Downloads/yii-1.1.12/framework/web/CWebApplication.php(142): CWebApplication->runController()
#10 /home/conexa-dev-05/Downloads/yii-1.1.12/framework/base/CApplication.php(162): CWebApplication->processRequest()
#11 /home/conexa-dev-05/Documentos/conexa/index.php(13): CWebApplication->run()
REQUEST_URI=/
in /home/conexa-dev-05/Documentos/conexa/protected/views/site/index.php (47)
in /home/conexa-dev-05/Documentos/conexa/protected/controllers/SiteController.php (34)
in /home/conexa-dev-05/Documentos/conexa/index.php (13)
